{"C:\\Users\\Rohit Singh\\Desktop\\gem\\convex\\_generated\\api.js": {"path":"C:\\Users\\Rohit Singh\\Desktop\\gem\\convex\\_generated\\api.js","statementMap":{"0":{"start":{"line":21,"column":19},"end":{"line":21,"column":25}},"1":{"start":{"line":22,"column":24},"end":{"line":22,"column":30}},"2":{"start":{"line":23,"column":25},"end":{"line":23,"column":45}}},"fnMap":{},"branchMap":{},"s":{"0":1,"1":1,"2":1},"f":{},"b":{},"meta":{"lastBranch":0,"lastFunction":0,"lastStatement":3,"seen":{"s:21:19:21:25":0,"s:22:24:22:30":1,"s:23:25:23:45":2}}}
,"C:\\Users\\Rohit Singh\\Desktop\\gem\\src\\contexts\\SessionHeatmapContext.tsx": {"path":"C:\\Users\\Rohit Singh\\Desktop\\gem\\src\\contexts\\SessionHeatmapContext.tsx","statementMap":{"0":{"start":{"line":30,"column":18},"end":{"line":30,"column":null}},"1":{"start":{"line":32,"column":24},"end":{"line":33,"column":null}},"2":{"start":{"line":33,"column":2},"end":{"line":33,"column":null}},"3":{"start":{"line":33,"column":40},"end":{"line":33,"column":null}},"4":{"start":{"line":35,"column":6},"end":{"line":35,"column":null}},"5":{"start":{"line":37,"column":26},"end":{"line":43,"column":null}},"6":{"start":{"line":38,"column":8},"end":{"line":38,"column":null}},"7":{"start":{"line":39,"column":2},"end":{"line":41,"column":null}},"8":{"start":{"line":40,"column":4},"end":{"line":40,"column":null}},"9":{"start":{"line":42,"column":2},"end":{"line":42,"column":null}},"10":{"start":{"line":51,"column":38},"end":{"line":139,"column":null}},"11":{"start":{"line":54,"column":8},"end":{"line":54,"column":null}},"12":{"start":{"line":55,"column":8},"end":{"line":55,"column":null}},"13":{"start":{"line":57,"column":8},"end":{"line":65,"column":null}},"14":{"start":{"line":58,"column":4},"end":{"line":60,"column":null}},"15":{"start":{"line":59,"column":6},"end":{"line":59,"column":null}},"16":{"start":{"line":61,"column":4},"end":{"line":61,"column":null}},"17":{"start":{"line":62,"column":4},"end":{"line":64,"column":null}},"18":{"start":{"line":63,"column":6},"end":{"line":63,"column":null}},"19":{"start":{"line":67,"column":8},"end":{"line":75,"column":null}},"20":{"start":{"line":68,"column":29},"end":{"line":68,"column":86}},"21":{"start":{"line":71,"column":20},"end":{"line":71,"column":null}},"22":{"start":{"line":72,"column":4},"end":{"line":72,"column":null}},"23":{"start":{"line":74,"column":4},"end":{"line":74,"column":null}},"24":{"start":{"line":74,"column":62},"end":{"line":74,"column":null}},"25":{"start":{"line":77,"column":8},"end":{"line":86,"column":null}},"26":{"start":{"line":78,"column":4},"end":{"line":85,"column":null}},"27":{"start":{"line":88,"column":8},"end":{"line":123,"column":null}},"28":{"start":{"line":89,"column":25},"end":{"line":89,"column":70}},"29":{"start":{"line":91,"column":17},"end":{"line":91,"column":null}},"30":{"start":{"line":92,"column":47},"end":{"line":92,"column":49}},"31":{"start":{"line":93,"column":22},"end":{"line":93,"column":null}},"32":{"start":{"line":94,"column":21},"end":{"line":94,"column":null}},"33":{"start":{"line":96,"column":4},"end":{"line":111,"column":null}},"34":{"start":{"line":97,"column":20},"end":{"line":97,"column":null}},"35":{"start":{"line":98,"column":20},"end":{"line":98,"column":null}},"36":{"start":{"line":101,"column":6},"end":{"line":110,"column":null}},"37":{"start":{"line":102,"column":8},"end":{"line":109,"column":null}},"38":{"start":{"line":103,"column":10},"end":{"line":103,"column":null}},"39":{"start":{"line":104,"column":10},"end":{"line":104,"column":null}},"40":{"start":{"line":105,"column":10},"end":{"line":105,"column":null}},"41":{"start":{"line":107,"column":10},"end":{"line":107,"column":null}},"42":{"start":{"line":108,"column":10},"end":{"line":108,"column":null}},"43":{"start":{"line":113,"column":21},"end":{"line":113,"column":null}},"44":{"start":{"line":115,"column":4},"end":{"line":122,"column":null}},"45":{"start":{"line":125,"column":8},"end":{"line":127,"column":null}},"46":{"start":{"line":126,"column":4},"end":{"line":126,"column":null}},"47":{"start":{"line":129,"column":8},"end":{"line":131,"column":null}},"48":{"start":{"line":130,"column":11},"end":{"line":130,"column":null}},"49":{"start":{"line":134,"column":2},"end":{"line":136,"column":null}}},"fnMap":{"0":{"name":"(anonymous_0)","decl":{"start":{"line":32,"column":24},"end":{"line":32,"column":null}},"loc":{"start":{"line":33,"column":2},"end":{"line":33,"column":null}},"line":33},"1":{"name":"(anonymous_1)","decl":{"start":{"line":33,"column":34},"end":{"line":33,"column":40}},"loc":{"start":{"line":33,"column":40},"end":{"line":33,"column":null}},"line":33},"2":{"name":"(anonymous_2)","decl":{"start":{"line":37,"column":26},"end":{"line":37,"column":null}},"loc":{"start":{"line":37,"column":26},"end":{"line":43,"column":null}},"line":37},"3":{"name":"(anonymous_3)","decl":{"start":{"line":51,"column":38},"end":{"line":51,"column":39}},"loc":{"start":{"line":51,"column":80},"end":{"line":139,"column":null}},"line":51},"4":{"name":"(anonymous_4)","decl":{"start":{"line":57,"column":32},"end":{"line":57,"column":33}},"loc":{"start":{"line":57,"column":47},"end":{"line":65,"column":5}},"line":57},"5":{"name":"(anonymous_5)","decl":{"start":{"line":62,"column":11},"end":{"line":62,"column":null}},"loc":{"start":{"line":62,"column":11},"end":{"line":64,"column":null}},"line":62},"6":{"name":"(anonymous_6)","decl":{"start":{"line":67,"column":37},"end":{"line":67,"column":38}},"loc":{"start":{"line":67,"column":38},"end":{"line":75,"column":5}},"line":67},"7":{"name":"(anonymous_7)","decl":{"start":{"line":74,"column":56},"end":{"line":74,"column":62}},"loc":{"start":{"line":74,"column":62},"end":{"line":74,"column":null}},"line":74},"8":{"name":"(anonymous_8)","decl":{"start":{"line":77,"column":31},"end":{"line":77,"column":32}},"loc":{"start":{"line":77,"column":76},"end":{"line":86,"column":5}},"line":77},"9":{"name":"(anonymous_9)","decl":{"start":{"line":88,"column":37},"end":{"line":88,"column":38}},"loc":{"start":{"line":88,"column":38},"end":{"line":123,"column":5}},"line":88},"10":{"name":"(anonymous_10)","decl":{"start":{"line":125,"column":32},"end":{"line":125,"column":null}},"loc":{"start":{"line":125,"column":32},"end":{"line":127,"column":5}},"line":125},"11":{"name":"(anonymous_11)","decl":{"start":{"line":130,"column":4},"end":{"line":130,"column":11}},"loc":{"start":{"line":130,"column":11},"end":{"line":130,"column":null}},"line":130}},"branchMap":{"0":{"loc":{"start":{"line":39,"column":2},"end":{"line":41,"column":null}},"type":"if","locations":[{"start":{"line":39,"column":2},"end":{"line":41,"column":null}},{"start":{},"end":{}}],"line":39},"1":{"loc":{"start":{"line":58,"column":4},"end":{"line":60,"column":null}},"type":"if","locations":[{"start":{"line":58,"column":4},"end":{"line":60,"column":null}},{"start":{},"end":{}}],"line":58},"2":{"loc":{"start":{"line":68,"column":29},"end":{"line":68,"column":86}},"type":"binary-expr","locations":[{"start":{"line":68,"column":29},"end":{"line":68,"column":84}},{"start":{"line":68,"column":84},"end":{"line":68,"column":86}}],"line":68},"3":{"loc":{"start":{"line":89,"column":25},"end":{"line":89,"column":70}},"type":"binary-expr","locations":[{"start":{"line":89,"column":25},"end":{"line":89,"column":68}},{"start":{"line":89,"column":68},"end":{"line":89,"column":70}}],"line":89},"4":{"loc":{"start":{"line":101,"column":6},"end":{"line":110,"column":null}},"type":"if","locations":[{"start":{"line":101,"column":6},"end":{"line":110,"column":null}},{"start":{},"end":{}}],"line":101},"5":{"loc":{"start":{"line":101,"column":10},"end":{"line":101,"column":78}},"type":"binary-expr","locations":[{"start":{"line":101,"column":10},"end":{"line":101,"column":24}},{"start":{"line":101,"column":24},"end":{"line":101,"column":45}},{"start":{"line":101,"column":45},"end":{"line":101,"column":59}},{"start":{"line":101,"column":59},"end":{"line":101,"column":78}}],"line":101},"6":{"loc":{"start":{"line":102,"column":8},"end":{"line":109,"column":null}},"type":"if","locations":[{"start":{"line":102,"column":8},"end":{"line":109,"column":null}},{"start":{"line":106,"column":15},"end":{"line":109,"column":null}}],"line":102}},"s":{"0":1,"1":1,"2":2,"3":20,"4":1,"5":1,"6":2,"7":2,"8":0,"9":2,"10":1,"11":2,"12":2,"13":2,"14":0,"15":0,"16":0,"17":0,"18":0,"19":2,"20":122,"21":122,"22":122,"23":122,"24":0,"25":2,"26":1,"27":2,"28":2,"29":2,"30":2,"31":2,"32":2,"33":2,"34":102,"35":102,"36":102,"37":102,"38":1,"39":1,"40":1,"41":101,"42":101,"43":2,"44":2,"45":2,"46":0,"47":2,"48":2,"49":2},"f":{"0":2,"1":20,"2":2,"3":2,"4":0,"5":0,"6":122,"7":0,"8":1,"9":2,"10":0,"11":2},"b":{"0":[0,2],"1":[0,0],"2":[122,2],"3":[2,0],"4":[102,0],"5":[102,102,102,102],"6":[1,101]},"meta":{"lastBranch":7,"lastFunction":12,"lastStatement":50,"seen":{"s:30:18:30:Infinity":0,"s:32:24:33:Infinity":1,"f:32:24:32:Infinity":0,"s:33:2:33:Infinity":2,"f:33:34:33:40":1,"s:33:40:33:Infinity":3,"s:35:6:35:Infinity":4,"s:37:26:43:Infinity":5,"f:37:26:37:Infinity":2,"s:38:8:38:Infinity":6,"b:39:2:41:Infinity:undefined:undefined:undefined:undefined":0,"s:39:2:41:Infinity":7,"s:40:4:40:Infinity":8,"s:42:2:42:Infinity":9,"s:51:38:139:Infinity":10,"f:51:38:51:39":3,"s:54:8:54:Infinity":11,"s:55:8:55:Infinity":12,"s:57:8:65:Infinity":13,"f:57:32:57:33":4,"b:58:4:60:Infinity:undefined:undefined:undefined:undefined":1,"s:58:4:60:Infinity":14,"s:59:6:59:Infinity":15,"s:61:4:61:Infinity":16,"s:62:4:64:Infinity":17,"f:62:11:62:Infinity":5,"s:63:6:63:Infinity":18,"s:67:8:75:Infinity":19,"f:67:37:67:38":6,"s:68:29:68:86":20,"b:68:29:68:84:68:84:68:86":2,"s:71:20:71:Infinity":21,"s:72:4:72:Infinity":22,"s:74:4:74:Infinity":23,"f:74:56:74:62":7,"s:74:62:74:Infinity":24,"s:77:8:86:Infinity":25,"f:77:31:77:32":8,"s:78:4:85:Infinity":26,"s:88:8:123:Infinity":27,"f:88:37:88:38":9,"s:89:25:89:70":28,"b:89:25:89:68:89:68:89:70":3,"s:91:17:91:Infinity":29,"s:92:47:92:49":30,"s:93:22:93:Infinity":31,"s:94:21:94:Infinity":32,"s:96:4:111:Infinity":33,"s:97:20:97:Infinity":34,"s:98:20:98:Infinity":35,"b:101:6:110:Infinity:undefined:undefined:undefined:undefined":4,"s:101:6:110:Infinity":36,"b:101:10:101:24:101:24:101:45:101:45:101:59:101:59:101:78":5,"b:102:8:109:Infinity:106:15:109:Infinity":6,"s:102:8:109:Infinity":37,"s:103:10:103:Infinity":38,"s:104:10:104:Infinity":39,"s:105:10:105:Infinity":40,"s:107:10:107:Infinity":41,"s:108:10:108:Infinity":42,"s:113:21:113:Infinity":43,"s:115:4:122:Infinity":44,"s:125:8:127:Infinity":45,"f:125:32:125:Infinity":10,"s:126:4:126:Infinity":46,"s:129:8:131:Infinity":47,"f:130:4:130:11":11,"s:130:11:130:Infinity":48,"s:134:2:136:Infinity":49}}}
,"C:\\Users\\Rohit Singh\\Desktop\\gem\\src\\hooks\\useHeatmapTracking.ts": {"path":"C:\\Users\\Rohit Singh\\Desktop\\gem\\src\\hooks\\useHeatmapTracking.ts","statementMap":{"0":{"start":{"line":16,"column":25},"end":{"line":16,"column":null}},"1":{"start":{"line":17,"column":21},"end":{"line":17,"column":null}},"2":{"start":{"line":18,"column":25},"end":{"line":18,"column":null}},"3":{"start":{"line":19,"column":23},"end":{"line":19,"column":null}},"4":{"start":{"line":21,"column":34},"end":{"line":145,"column":null}},"5":{"start":{"line":22,"column":36},"end":{"line":22,"column":null}},"6":{"start":{"line":23,"column":8},"end":{"line":23,"column":null}},"7":{"start":{"line":24,"column":8},"end":{"line":24,"column":null}},"8":{"start":{"line":25,"column":19},"end":{"line":25,"column":null}},"9":{"start":{"line":25,"column":31},"end":{"line":25,"column":null}},"10":{"start":{"line":26,"column":8},"end":{"line":26,"column":null}},"11":{"start":{"line":27,"column":8},"end":{"line":27,"column":null}},"12":{"start":{"line":28,"column":8},"end":{"line":28,"column":null}},"13":{"start":{"line":29,"column":8},"end":{"line":29,"column":null}},"14":{"start":{"line":31,"column":8},"end":{"line":40,"column":null}},"15":{"start":{"line":32,"column":4},"end":{"line":34,"column":null}},"16":{"start":{"line":33,"column":6},"end":{"line":33,"column":null}},"17":{"start":{"line":36,"column":4},"end":{"line":39,"column":null}},"18":{"start":{"line":37,"column":6},"end":{"line":37,"column":null}},"19":{"start":{"line":38,"column":6},"end":{"line":38,"column":null}},"20":{"start":{"line":42,"column":8},"end":{"line":64,"column":null}},"21":{"start":{"line":43,"column":4},"end":{"line":45,"column":null}},"22":{"start":{"line":44,"column":6},"end":{"line":44,"column":null}},"23":{"start":{"line":47,"column":4},"end":{"line":47,"column":null}},"24":{"start":{"line":48,"column":25},"end":{"line":48,"column":null}},"25":{"start":{"line":49,"column":4},"end":{"line":49,"column":null}},"26":{"start":{"line":51,"column":4},"end":{"line":63,"column":null}},"27":{"start":{"line":52,"column":21},"end":{"line":52,"column":null}},"28":{"start":{"line":53,"column":6},"end":{"line":56,"column":null}},"29":{"start":{"line":54,"column":8},"end":{"line":54,"column":null}},"30":{"start":{"line":55,"column":8},"end":{"line":55,"column":null}},"31":{"start":{"line":58,"column":6},"end":{"line":58,"column":null}},"32":{"start":{"line":59,"column":6},"end":{"line":59,"column":null}},"33":{"start":{"line":61,"column":6},"end":{"line":61,"column":null}},"34":{"start":{"line":62,"column":6},"end":{"line":62,"column":null}},"35":{"start":{"line":66,"column":2},"end":{"line":142,"column":null}},"36":{"start":{"line":67,"column":23},"end":{"line":67,"column":null}},"37":{"start":{"line":68,"column":16},"end":{"line":68,"column":null}},"38":{"start":{"line":69,"column":16},"end":{"line":69,"column":null}},"39":{"start":{"line":71,"column":28},"end":{"line":102,"column":null}},"40":{"start":{"line":72,"column":18},"end":{"line":72,"column":null}},"41":{"start":{"line":73,"column":6},"end":{"line":73,"column":null}},"42":{"start":{"line":73,"column":49},"end":{"line":73,"column":null}},"43":{"start":{"line":75,"column":16},"end":{"line":75,"column":null}},"44":{"start":{"line":76,"column":16},"end":{"line":76,"column":null}},"45":{"start":{"line":77,"column":23},"end":{"line":77,"column":null}},"46":{"start":{"line":78,"column":6},"end":{"line":78,"column":null}},"47":{"start":{"line":78,"column":50},"end":{"line":78,"column":null}},"48":{"start":{"line":80,"column":6},"end":{"line":80,"column":null}},"49":{"start":{"line":81,"column":6},"end":{"line":81,"column":null}},"50":{"start":{"line":82,"column":6},"end":{"line":82,"column":null}},"51":{"start":{"line":84,"column":51},"end":{"line":91,"column":null}},"52":{"start":{"line":93,"column":6},"end":{"line":93,"column":null}},"53":{"start":{"line":94,"column":6},"end":{"line":94,"column":null}},"54":{"start":{"line":94,"column":42},"end":{"line":94,"column":null}},"55":{"start":{"line":96,"column":6},"end":{"line":96,"column":null}},"56":{"start":{"line":97,"column":6},"end":{"line":101,"column":null}},"57":{"start":{"line":98,"column":8},"end":{"line":98,"column":null}},"58":{"start":{"line":100,"column":8},"end":{"line":100,"column":null}},"59":{"start":{"line":104,"column":24},"end":{"line":120,"column":null}},"60":{"start":{"line":105,"column":16},"end":{"line":105,"column":null}},"61":{"start":{"line":106,"column":16},"end":{"line":106,"column":null}},"62":{"start":{"line":108,"column":6},"end":{"line":108,"column":null}},"63":{"start":{"line":109,"column":6},"end":{"line":109,"column":null}},"64":{"start":{"line":109,"column":42},"end":{"line":109,"column":null}},"65":{"start":{"line":111,"column":6},"end":{"line":119,"column":null}},"66":{"start":{"line":113,"column":10},"end":{"line":115,"column":null}},"67":{"start":{"line":114,"column":12},"end":{"line":114,"column":null}},"68":{"start":{"line":118,"column":10},"end":{"line":118,"column":null}},"69":{"start":{"line":122,"column":35},"end":{"line":126,"column":null}},"70":{"start":{"line":123,"column":6},"end":{"line":125,"column":null}},"71":{"start":{"line":124,"column":8},"end":{"line":124,"column":null}},"72":{"start":{"line":128,"column":4},"end":{"line":128,"column":null}},"73":{"start":{"line":129,"column":4},"end":{"line":129,"column":null}},"74":{"start":{"line":130,"column":4},"end":{"line":130,"column":null}},"75":{"start":{"line":132,"column":4},"end":{"line":141,"column":null}},"76":{"start":{"line":133,"column":6},"end":{"line":133,"column":null}},"77":{"start":{"line":134,"column":6},"end":{"line":134,"column":null}},"78":{"start":{"line":135,"column":6},"end":{"line":135,"column":null}},"79":{"start":{"line":136,"column":6},"end":{"line":139,"column":null}},"80":{"start":{"line":137,"column":8},"end":{"line":137,"column":null}},"81":{"start":{"line":138,"column":8},"end":{"line":138,"column":null}},"82":{"start":{"line":140,"column":6},"end":{"line":140,"column":null}},"83":{"start":{"line":144,"column":2},"end":{"line":144,"column":null}}},"fnMap":{"0":{"name":"(anonymous_0)","decl":{"start":{"line":21,"column":34},"end":{"line":21,"column":35}},"loc":{"start":{"line":21,"column":35},"end":{"line":145,"column":null}},"line":21},"1":{"name":"(anonymous_1)","decl":{"start":{"line":25,"column":31},"end":{"line":25,"column":37}},"loc":{"start":{"line":25,"column":31},"end":{"line":25,"column":null}},"line":25},"2":{"name":"(anonymous_2)","decl":{"start":{"line":31,"column":36},"end":{"line":31,"column":37}},"loc":{"start":{"line":31,"column":37},"end":{"line":40,"column":5}},"line":31},"3":{"name":"(anonymous_3)","decl":{"start":{"line":36,"column":46},"end":{"line":36,"column":null}},"loc":{"start":{"line":36,"column":46},"end":{"line":39,"column":7}},"line":36},"4":{"name":"(anonymous_4)","decl":{"start":{"line":42,"column":33},"end":{"line":42,"column":null}},"loc":{"start":{"line":42,"column":33},"end":{"line":64,"column":5}},"line":42},"5":{"name":"(anonymous_5)","decl":{"start":{"line":66,"column":12},"end":{"line":66,"column":null}},"loc":{"start":{"line":66,"column":12},"end":{"line":142,"column":5}},"line":66},"6":{"name":"(anonymous_6)","decl":{"start":{"line":71,"column":28},"end":{"line":71,"column":29}},"loc":{"start":{"line":71,"column":29},"end":{"line":102,"column":null}},"line":71},"7":{"name":"(anonymous_7)","decl":{"start":{"line":104,"column":24},"end":{"line":104,"column":25}},"loc":{"start":{"line":104,"column":25},"end":{"line":120,"column":null}},"line":104},"8":{"name":"(anonymous_8)","decl":{"start":{"line":112,"column":14},"end":{"line":112,"column":15}},"loc":{"start":{"line":112,"column":15},"end":{"line":116,"column":null}},"line":112},"9":{"name":"(anonymous_9)","decl":{"start":{"line":117,"column":15},"end":{"line":117,"column":16}},"loc":{"start":{"line":117,"column":16},"end":{"line":119,"column":null}},"line":117},"10":{"name":"(anonymous_10)","decl":{"start":{"line":122,"column":35},"end":{"line":122,"column":null}},"loc":{"start":{"line":122,"column":35},"end":{"line":126,"column":null}},"line":122},"11":{"name":"(anonymous_11)","decl":{"start":{"line":132,"column":11},"end":{"line":132,"column":null}},"loc":{"start":{"line":132,"column":11},"end":{"line":141,"column":null}},"line":132}},"branchMap":{"0":{"loc":{"start":{"line":32,"column":4},"end":{"line":34,"column":null}},"type":"if","locations":[{"start":{"line":32,"column":4},"end":{"line":34,"column":null}},{"start":{},"end":{}}],"line":32},"1":{"loc":{"start":{"line":32,"column":8},"end":{"line":32,"column":105}},"type":"binary-expr","locations":[{"start":{"line":32,"column":8},"end":{"line":32,"column":42}},{"start":{"line":32,"column":42},"end":{"line":32,"column":75}},{"start":{"line":32,"column":75},"end":{"line":32,"column":105}}],"line":32},"2":{"loc":{"start":{"line":43,"column":4},"end":{"line":45,"column":null}},"type":"if","locations":[{"start":{"line":43,"column":4},"end":{"line":45,"column":null}},{"start":{},"end":{}}],"line":43},"3":{"loc":{"start":{"line":43,"column":8},"end":{"line":43,"column":98}},"type":"binary-expr","locations":[{"start":{"line":43,"column":8},"end":{"line":43,"column":29}},{"start":{"line":43,"column":33},"end":{"line":43,"column":63}},{"start":{"line":43,"column":67},"end":{"line":43,"column":98}}],"line":43},"4":{"loc":{"start":{"line":53,"column":6},"end":{"line":56,"column":null}},"type":"if","locations":[{"start":{"line":53,"column":6},"end":{"line":56,"column":null}},{"start":{},"end":{}}],"line":53},"5":{"loc":{"start":{"line":73,"column":6},"end":{"line":73,"column":null}},"type":"if","locations":[{"start":{"line":73,"column":6},"end":{"line":73,"column":null}},{"start":{},"end":{}}],"line":73},"6":{"loc":{"start":{"line":78,"column":6},"end":{"line":78,"column":null}},"type":"if","locations":[{"start":{"line":78,"column":6},"end":{"line":78,"column":null}},{"start":{},"end":{}}],"line":78},"7":{"loc":{"start":{"line":78,"column":10},"end":{"line":78,"column":50}},"type":"binary-expr","locations":[{"start":{"line":78,"column":10},"end":{"line":78,"column":37}},{"start":{"line":78,"column":37},"end":{"line":78,"column":50}}],"line":78},"8":{"loc":{"start":{"line":94,"column":6},"end":{"line":94,"column":null}},"type":"if","locations":[{"start":{"line":94,"column":6},"end":{"line":94,"column":null}},{"start":{},"end":{}}],"line":94},"9":{"loc":{"start":{"line":97,"column":6},"end":{"line":101,"column":null}},"type":"if","locations":[{"start":{"line":97,"column":6},"end":{"line":101,"column":null}},{"start":{"line":99,"column":13},"end":{"line":101,"column":null}}],"line":97},"10":{"loc":{"start":{"line":109,"column":6},"end":{"line":109,"column":null}},"type":"if","locations":[{"start":{"line":109,"column":6},"end":{"line":109,"column":null}},{"start":{},"end":{}}],"line":109},"11":{"loc":{"start":{"line":113,"column":10},"end":{"line":115,"column":null}},"type":"if","locations":[{"start":{"line":113,"column":10},"end":{"line":115,"column":null}},{"start":{},"end":{}}],"line":113},"12":{"loc":{"start":{"line":113,"column":14},"end":{"line":113,"column":75}},"type":"binary-expr","locations":[{"start":{"line":113,"column":14},"end":{"line":113,"column":28}},{"start":{"line":113,"column":32},"end":{"line":113,"column":75}}],"line":113},"13":{"loc":{"start":{"line":123,"column":6},"end":{"line":125,"column":null}},"type":"if","locations":[{"start":{"line":123,"column":6},"end":{"line":125,"column":null}},{"start":{},"end":{}}],"line":123},"14":{"loc":{"start":{"line":136,"column":6},"end":{"line":139,"column":null}},"type":"if","locations":[{"start":{"line":136,"column":6},"end":{"line":139,"column":null}},{"start":{},"end":{}}],"line":136}},"s":{"0":1,"1":1,"2":1,"3":1,"4":1,"5":2,"6":2,"7":2,"8":2,"9":2,"10":2,"11":2,"12":2,"13":2,"14":2,"15":5,"16":3,"17":2,"18":2,"19":2,"20":2,"21":4,"22":2,"23":2,"24":2,"25":2,"26":2,"27":2,"28":2,"29":1,"30":1,"31":0,"32":0,"33":2,"34":2,"35":2,"36":2,"37":2,"38":2,"39":2,"40":5,"41":5,"42":1,"43":4,"44":4,"45":4,"46":4,"47":0,"48":4,"49":4,"50":4,"51":4,"52":4,"53":4,"54":1,"55":3,"56":3,"57":0,"58":3,"59":2,"60":0,"61":0,"62":0,"63":0,"64":0,"65":0,"66":0,"67":0,"68":0,"69":2,"70":0,"71":0,"72":2,"73":2,"74":2,"75":2,"76":2,"77":2,"78":2,"79":2,"80":0,"81":0,"82":2,"83":2},"f":{"0":2,"1":2,"2":5,"3":2,"4":4,"5":2,"6":5,"7":0,"8":0,"9":0,"10":0,"11":2},"b":{"0":[3,2],"1":[5,4,2],"2":[2,2],"3":[4,4,3],"4":[1,1],"5":[1,4],"6":[0,4],"7":[4,0],"8":[1,3],"9":[0,3],"10":[0,0],"11":[0,0],"12":[0,0],"13":[0,0],"14":[0,2]},"meta":{"lastBranch":15,"lastFunction":12,"lastStatement":84,"seen":{"s:16:25:16:Infinity":0,"s:17:21:17:Infinity":1,"s:18:25:18:Infinity":2,"s:19:23:19:Infinity":3,"s:21:34:145:Infinity":4,"f:21:34:21:35":0,"s:22:36:22:Infinity":5,"s:23:8:23:Infinity":6,"s:24:8:24:Infinity":7,"s:25:19:25:Infinity":8,"f:25:31:25:37":1,"s:25:31:25:Infinity":9,"s:26:8:26:Infinity":10,"s:27:8:27:Infinity":11,"s:28:8:28:Infinity":12,"s:29:8:29:Infinity":13,"s:31:8:40:Infinity":14,"f:31:36:31:37":2,"b:32:4:34:Infinity:undefined:undefined:undefined:undefined":0,"s:32:4:34:Infinity":15,"b:32:8:32:42:32:42:32:75:32:75:32:105":1,"s:33:6:33:Infinity":16,"s:36:4:39:Infinity":17,"f:36:46:36:Infinity":3,"s:37:6:37:Infinity":18,"s:38:6:38:Infinity":19,"s:42:8:64:Infinity":20,"f:42:33:42:Infinity":4,"b:43:4:45:Infinity:undefined:undefined:undefined:undefined":2,"s:43:4:45:Infinity":21,"b:43:8:43:29:43:33:43:63:43:67:43:98":3,"s:44:6:44:Infinity":22,"s:47:4:47:Infinity":23,"s:48:25:48:Infinity":24,"s:49:4:49:Infinity":25,"s:51:4:63:Infinity":26,"s:52:21:52:Infinity":27,"b:53:6:56:Infinity:undefined:undefined:undefined:undefined":4,"s:53:6:56:Infinity":28,"s:54:8:54:Infinity":29,"s:55:8:55:Infinity":30,"s:58:6:58:Infinity":31,"s:59:6:59:Infinity":32,"s:61:6:61:Infinity":33,"s:62:6:62:Infinity":34,"s:66:2:142:Infinity":35,"f:66:12:66:Infinity":5,"s:67:23:67:Infinity":36,"s:68:16:68:Infinity":37,"s:69:16:69:Infinity":38,"s:71:28:102:Infinity":39,"f:71:28:71:29":6,"s:72:18:72:Infinity":40,"b:73:6:73:Infinity:undefined:undefined:undefined:undefined":5,"s:73:6:73:Infinity":41,"s:73:49:73:Infinity":42,"s:75:16:75:Infinity":43,"s:76:16:76:Infinity":44,"s:77:23:77:Infinity":45,"b:78:6:78:Infinity:undefined:undefined:undefined:undefined":6,"s:78:6:78:Infinity":46,"b:78:10:78:37:78:37:78:50":7,"s:78:50:78:Infinity":47,"s:80:6:80:Infinity":48,"s:81:6:81:Infinity":49,"s:82:6:82:Infinity":50,"s:84:51:91:Infinity":51,"s:93:6:93:Infinity":52,"b:94:6:94:Infinity:undefined:undefined:undefined:undefined":8,"s:94:6:94:Infinity":53,"s:94:42:94:Infinity":54,"s:96:6:96:Infinity":55,"b:97:6:101:Infinity:99:13:101:Infinity":9,"s:97:6:101:Infinity":56,"s:98:8:98:Infinity":57,"s:100:8:100:Infinity":58,"s:104:24:120:Infinity":59,"f:104:24:104:25":7,"s:105:16:105:Infinity":60,"s:106:16:106:Infinity":61,"s:108:6:108:Infinity":62,"b:109:6:109:Infinity:undefined:undefined:undefined:undefined":10,"s:109:6:109:Infinity":63,"s:109:42:109:Infinity":64,"s:111:6:119:Infinity":65,"f:112:14:112:15":8,"b:113:10:115:Infinity:undefined:undefined:undefined:undefined":11,"s:113:10:115:Infinity":66,"b:113:14:113:28:113:32:113:75":12,"s:114:12:114:Infinity":67,"f:117:15:117:16":9,"s:118:10:118:Infinity":68,"s:122:35:126:Infinity":69,"f:122:35:122:Infinity":10,"b:123:6:125:Infinity:undefined:undefined:undefined:undefined":13,"s:123:6:125:Infinity":70,"s:124:8:124:Infinity":71,"s:128:4:128:Infinity":72,"s:129:4:129:Infinity":73,"s:130:4:130:Infinity":74,"s:132:4:141:Infinity":75,"f:132:11:132:Infinity":11,"s:133:6:133:Infinity":76,"s:134:6:134:Infinity":77,"s:135:6:135:Infinity":78,"b:136:6:139:Infinity:undefined:undefined:undefined:undefined":14,"s:136:6:139:Infinity":79,"s:137:8:137:Infinity":80,"s:138:8:138:Infinity":81,"s:140:6:140:Infinity":82,"s:144:2:144:Infinity":83}}}
,"C:\\Users\\Rohit Singh\\Desktop\\gem\\src\\utils\\clientIdentity.ts": {"path":"C:\\Users\\Rohit Singh\\Desktop\\gem\\src\\utils\\clientIdentity.ts","statementMap":{"0":{"start":{"line":1,"column":22},"end":{"line":1,"column":null}},"1":{"start":{"line":2,"column":20},"end":{"line":2,"column":null}},"2":{"start":{"line":5,"column":2},"end":{"line":5,"column":null}},"3":{"start":{"line":8,"column":36},"end":{"line":8,"column":null}},"4":{"start":{"line":10,"column":2},"end":{"line":12,"column":null}},"5":{"start":{"line":11,"column":4},"end":{"line":11,"column":null}},"6":{"start":{"line":14,"column":2},"end":{"line":26,"column":null}},"7":{"start":{"line":15,"column":21},"end":{"line":15,"column":null}},"8":{"start":{"line":16,"column":4},"end":{"line":18,"column":null}},"9":{"start":{"line":17,"column":6},"end":{"line":17,"column":null}},"10":{"start":{"line":20,"column":17},"end":{"line":20,"column":null}},"11":{"start":{"line":21,"column":4},"end":{"line":21,"column":null}},"12":{"start":{"line":22,"column":4},"end":{"line":22,"column":null}},"13":{"start":{"line":24,"column":4},"end":{"line":24,"column":null}},"14":{"start":{"line":24,"column":25},"end":{"line":24,"column":null}},"15":{"start":{"line":25,"column":4},"end":{"line":25,"column":null}},"16":{"start":{"line":29,"column":37},"end":{"line":29,"column":null}},"17":{"start":{"line":31,"column":2},"end":{"line":33,"column":null}},"18":{"start":{"line":32,"column":4},"end":{"line":32,"column":null}},"19":{"start":{"line":35,"column":2},"end":{"line":47,"column":null}},"20":{"start":{"line":36,"column":21},"end":{"line":36,"column":null}},"21":{"start":{"line":37,"column":4},"end":{"line":39,"column":null}},"22":{"start":{"line":38,"column":6},"end":{"line":38,"column":null}},"23":{"start":{"line":41,"column":17},"end":{"line":41,"column":null}},"24":{"start":{"line":42,"column":4},"end":{"line":42,"column":null}},"25":{"start":{"line":43,"column":4},"end":{"line":43,"column":null}},"26":{"start":{"line":45,"column":4},"end":{"line":45,"column":null}},"27":{"start":{"line":45,"column":26},"end":{"line":45,"column":null}},"28":{"start":{"line":46,"column":4},"end":{"line":46,"column":null}}},"fnMap":{"0":{"name":"createId","decl":{"start":{"line":4,"column":9},"end":{"line":4,"column":18}},"loc":{"start":{"line":4,"column":32},"end":{"line":6,"column":null}},"line":4},"1":{"name":"getOrCreateClientId","decl":{"start":{"line":9,"column":16},"end":{"line":9,"column":null}},"loc":{"start":{"line":9,"column":16},"end":{"line":27,"column":null}},"line":9},"2":{"name":"getOrCreateSessionId","decl":{"start":{"line":30,"column":16},"end":{"line":30,"column":null}},"loc":{"start":{"line":30,"column":16},"end":{"line":48,"column":null}},"line":30}},"branchMap":{"0":{"loc":{"start":{"line":10,"column":2},"end":{"line":12,"column":null}},"type":"if","locations":[{"start":{"line":10,"column":2},"end":{"line":12,"column":null}},{"start":{},"end":{}}],"line":10},"1":{"loc":{"start":{"line":16,"column":4},"end":{"line":18,"column":null}},"type":"if","locations":[{"start":{"line":16,"column":4},"end":{"line":18,"column":null}},{"start":{},"end":{}}],"line":16},"2":{"loc":{"start":{"line":24,"column":4},"end":{"line":24,"column":null}},"type":"if","locations":[{"start":{"line":24,"column":4},"end":{"line":24,"column":null}},{"start":{},"end":{}}],"line":24},"3":{"loc":{"start":{"line":31,"column":2},"end":{"line":33,"column":null}},"type":"if","locations":[{"start":{"line":31,"column":2},"end":{"line":33,"column":null}},{"start":{},"end":{}}],"line":31},"4":{"loc":{"start":{"line":37,"column":4},"end":{"line":39,"column":null}},"type":"if","locations":[{"start":{"line":37,"column":4},"end":{"line":39,"column":null}},{"start":{},"end":{}}],"line":37},"5":{"loc":{"start":{"line":45,"column":4},"end":{"line":45,"column":null}},"type":"if","locations":[{"start":{"line":45,"column":4},"end":{"line":45,"column":null}},{"start":{},"end":{}}],"line":45}},"s":{"0":1,"1":1,"2":6,"3":1,"4":6,"5":0,"6":6,"7":6,"8":6,"9":3,"10":3,"11":3,"12":3,"13":0,"14":0,"15":0,"16":1,"17":6,"18":0,"19":6,"20":6,"21":6,"22":3,"23":3,"24":3,"25":3,"26":0,"27":0,"28":0},"f":{"0":6,"1":6,"2":6},"b":{"0":[0,6],"1":[3,3],"2":[0,0],"3":[0,6],"4":[3,3],"5":[0,0]},"meta":{"lastBranch":6,"lastFunction":3,"lastStatement":29,"seen":{"s:1:22:1:Infinity":0,"s:2:20:2:Infinity":1,"f:4:9:4:18":0,"s:5:2:5:Infinity":2,"s:8:36:8:Infinity":3,"f:9:16:9:Infinity":1,"b:10:2:12:Infinity:undefined:undefined:undefined:undefined":0,"s:10:2:12:Infinity":4,"s:11:4:11:Infinity":5,"s:14:2:26:Infinity":6,"s:15:21:15:Infinity":7,"b:16:4:18:Infinity:undefined:undefined:undefined:undefined":1,"s:16:4:18:Infinity":8,"s:17:6:17:Infinity":9,"s:20:17:20:Infinity":10,"s:21:4:21:Infinity":11,"s:22:4:22:Infinity":12,"b:24:4:24:Infinity:undefined:undefined:undefined:undefined":2,"s:24:4:24:Infinity":13,"s:24:25:24:Infinity":14,"s:25:4:25:Infinity":15,"s:29:37:29:Infinity":16,"f:30:16:30:Infinity":2,"b:31:2:33:Infinity:undefined:undefined:undefined:undefined":3,"s:31:2:33:Infinity":17,"s:32:4:32:Infinity":18,"s:35:2:47:Infinity":19,"s:36:21:36:Infinity":20,"b:37:4:39:Infinity:undefined:undefined:undefined:undefined":4,"s:37:4:39:Infinity":21,"s:38:6:38:Infinity":22,"s:41:17:41:Infinity":23,"s:42:4:42:Infinity":24,"s:43:4:43:Infinity":25,"b:45:4:45:Infinity:undefined:undefined:undefined:undefined":5,"s:45:4:45:Infinity":26,"s:45:26:45:Infinity":27,"s:46:4:46:Infinity":28}}}
}
